Traceback (most recent call last):
  File "/usr/bin/sslstrip", line 108, in <module>
    main(sys.argv[1:])
  File "/usr/bin/sslstrip", line 101, in main
    reactor.listenTCP(int(listenPort), strippingFactory)
  File "/usr/lib/python2.7/site-packages/twisted/internet/posixbase.py", line 478, in listenTCP
    p.startListening()
  File "/usr/lib/python2.7/site-packages/twisted/internet/tcp.py", line 984, in startListening
    raise CannotListenError(self.interface, self.port, le)
twisted.internet.error.CannotListenError: Couldn't listen on any:10000: [Errno 98] Address already in use.
Traceback (most recent call last):
  File "/usr/bin/sslstrip", line 108, in <module>
    main(sys.argv[1:])
  File "/usr/bin/sslstrip", line 101, in main
    reactor.listenTCP(int(listenPort), strippingFactory)
  File "/usr/lib/python2.7/site-packages/twisted/internet/posixbase.py", line 478, in listenTCP
    p.startListening()
  File "/usr/lib/python2.7/site-packages/twisted/internet/tcp.py", line 984, in startListening
    raise CannotListenError(self.interface, self.port, le)
twisted.internet.error.CannotListenError: Couldn't listen on any:10000: [Errno 98] Address already in use.
